<?xml version="1.0" encoding="UTF-8"?>
<!-- Generated by org.testng.reporters.JUnitXMLReporter -->
<testsuite ignored="10" hostname="Bhoomzz" failures="4" tests="23" name="Test" time="352.68" errors="0" timestamp="2025-12-24T20:34:18 IST">
  <testcase classname="tests.LoginTest" name="validcredit" time="20.467"/>
  <testcase classname="tests.LoginTest" name="incorrecrpassword" time="1.37"/>
  <testcase classname="tests.LoginTest" name="unregistereduser" time="1.852"/>
  <testcase classname="tests.LoginTest" name="emptyfield" time="1.052"/>
  <testcase classname="tests.LoginTest" name="invalidemailformat" time="1.768"/>
  <testcase classname="tests.LoginTest" name="maskinput" time="1.897"/>
  <testcase classname="tests.AccountOverviewTest" name="clickaccountoverview" time="21.158"/>
  <testcase classname="tests.AccountOverviewTest" name="Checkingaccount" time="6.03"/>
  <testcase classname="tests.FundsTransferTest" name="validinternalaccount" time="7.727"/>
  <testcase classname="tests.FundsTransferTest" name="emptyfield" time="6.897"/>
  <testcase classname="tests.FundsTransferTest" name="sameaccount" time="33.121">
    <failure type="org.openqa.selenium.NoSuchElementException" message="Cannot locate option with text: 13899
For documentation on this error, please visit: https://www.selenium.dev/documentation/webdriver/troubleshooting/errors#nosuchelementexception
Build info: version: &amp;apos;4.36.0&amp;apos;, revision: &amp;apos;6d115cfd87&amp;apos;
System info: os.name: &amp;apos;Windows 11&amp;apos;, os.arch: &amp;apos;amd64&amp;apos;, os.version: &amp;apos;10.0&amp;apos;, java.version: &amp;apos;23&amp;apos;
Driver info: driver.version: unknown">
      <![CDATA[org.openqa.selenium.NoSuchElementException: Cannot locate option with text: 13899
For documentation on this error, please visit: https://www.selenium.dev/documentation/webdriver/troubleshooting/errors#nosuchelementexception
Build info: version: '4.36.0', revision: '6d115cfd87'
System info: os.name: 'Windows 11', os.arch: 'amd64', os.version: '10.0', java.version: '23'
Driver info: driver.version: unknown
at org.openqa.selenium.support.ui.Select.selectByVisibleText(Select.java:397)
at org.openqa.selenium.support.ui.Select.selectByVisibleText(Select.java:125)
at pages.FundsTransferfunction.selectfromacccount(FundsTransferfunction.java:124)
at tests.FundsTransferTest.sameaccount(FundsTransferTest.java:150)
at java.base/java.util.ArrayList.forEach(ArrayList.java:1597)
... Removed 25 stack frames]]>
    </failure>
  </testcase> <!-- sameaccount -->
  <testcase classname="tests.FundsTransferTest" name="decimalamount" time="32.602">
    <failure type="org.openqa.selenium.NoSuchElementException" message="Cannot locate option with text: 13899
For documentation on this error, please visit: https://www.selenium.dev/documentation/webdriver/troubleshooting/errors#nosuchelementexception
Build info: version: &amp;apos;4.36.0&amp;apos;, revision: &amp;apos;6d115cfd87&amp;apos;
System info: os.name: &amp;apos;Windows 11&amp;apos;, os.arch: &amp;apos;amd64&amp;apos;, os.version: &amp;apos;10.0&amp;apos;, java.version: &amp;apos;23&amp;apos;
Driver info: driver.version: unknown">
      <![CDATA[org.openqa.selenium.NoSuchElementException: Cannot locate option with text: 13899
For documentation on this error, please visit: https://www.selenium.dev/documentation/webdriver/troubleshooting/errors#nosuchelementexception
Build info: version: '4.36.0', revision: '6d115cfd87'
System info: os.name: 'Windows 11', os.arch: 'amd64', os.version: '10.0', java.version: '23'
Driver info: driver.version: unknown
at org.openqa.selenium.support.ui.Select.selectByVisibleText(Select.java:397)
at org.openqa.selenium.support.ui.Select.selectByVisibleText(Select.java:125)
at pages.FundsTransferfunction.selectfromacccount(FundsTransferfunction.java:124)
at tests.FundsTransferTest.decimalamount(FundsTransferTest.java:203)
at java.base/java.util.ArrayList.forEach(ArrayList.java:1597)
... Removed 25 stack frames]]>
    </failure>
  </testcase> <!-- decimalamount -->
  <testcase classname="tests.FundsTransferTest" name="CompletemsgAndBalance" time="34.108">
    <failure type="org.openqa.selenium.NoSuchElementException" message="Cannot locate option with text: 13899
For documentation on this error, please visit: https://www.selenium.dev/documentation/webdriver/troubleshooting/errors#nosuchelementexception
Build info: version: &amp;apos;4.36.0&amp;apos;, revision: &amp;apos;6d115cfd87&amp;apos;
System info: os.name: &amp;apos;Windows 11&amp;apos;, os.arch: &amp;apos;amd64&amp;apos;, os.version: &amp;apos;10.0&amp;apos;, java.version: &amp;apos;23&amp;apos;
Driver info: driver.version: unknown">
      <![CDATA[org.openqa.selenium.NoSuchElementException: Cannot locate option with text: 13899
For documentation on this error, please visit: https://www.selenium.dev/documentation/webdriver/troubleshooting/errors#nosuchelementexception
Build info: version: '4.36.0', revision: '6d115cfd87'
System info: os.name: 'Windows 11', os.arch: 'amd64', os.version: '10.0', java.version: '23'
Driver info: driver.version: unknown
at org.openqa.selenium.support.ui.Select.selectByVisibleText(Select.java:397)
at org.openqa.selenium.support.ui.Select.selectByVisibleText(Select.java:125)
at pages.FundsTransferfunction.selectfromacccount(FundsTransferfunction.java:124)
at tests.FundsTransferTest.CompletemsgAndBalance(FundsTransferTest.java:256)
at java.base/java.util.ArrayList.forEach(ArrayList.java:1597)
... Removed 25 stack frames]]>
    </failure>
  </testcase> <!-- CompletemsgAndBalance -->
  <testcase classname="tests.ContactUsTest" name="opensupportform" time="2.511"/>
  <testcase classname="tests.ContactUsTest" name="validinformation" time="5.803"/>
  <testcase classname="tests.ContactUsTest" name="emptyfield" time="4.881"/>
  <testcase classname="tests.ContactUsTest" name="successmessage" time="5.971"/>
  <testcase classname="tests.LoanRequestTest" name="validdetails" time="22.345"/>
  <testcase classname="tests.LoanRequestTest" name="missinginformation" time="6.888"/>
  <testcase classname="tests.LoanRequestTest" name="exceedinglimit" time="23.63"/>
  <testcase classname="tests.navigationandUItest" name="Openpages" time="4.47"/>
  <testcase classname="tests.navigationandUItest" name="Openhomepage" time="1.063"/>
  <testcase classname="tests.navigationandUItest" name="Clickablityofbutton" time="22.041">
    <failure type="org.openqa.selenium.NoSuchElementException" message="no such element: Unable to locate element: {&amp;quot;method&amp;quot;:&amp;quot;xpath&amp;quot;,&amp;quot;selector&amp;quot;:&amp;quot;//input[@value=&amp;apos;Open New Account&amp;apos;]&amp;quot;}
  (Session info: chrome=143.0.7499.41)
For documentation on this error, please visit: https://www.selenium.dev/documentation/webdriver/troubleshooting/errors#nosuchelementexception
Build info: version: &amp;apos;4.36.0&amp;apos;, revision: &amp;apos;6d115cfd87&amp;apos;
System info: os.name: &amp;apos;Windows 11&amp;apos;, os.arch: &amp;apos;amd64&amp;apos;, os.version: &amp;apos;10.0&amp;apos;, java.version: &amp;apos;23&amp;apos;
Driver info: org.openqa.selenium.chrome.ChromeDriver
Command: [f945b4f32809c291748a96b4c30f5067, findElement {using=xpath, value=//input[@value=&amp;apos;Open New Account&amp;apos;]}]
Capabilities {acceptInsecureCerts: false, browserName: chrome, browserVersion: 143.0.7499.41, chrome: {chromedriverVersion: 143.0.7499.169 (164b20aab62..., userDataDir: C:\Users\Bhoomika\AppData\L...}, fedcm:accounts: true, goog:chromeOptions: {debuggerAddress: localhost:63863}, goog:processID: 26052, networkConnectionEnabled: false, pageLoadStrategy: normal, platformName: windows, proxy: Proxy(), se:cdp: ws://localhost:63863/devtoo..., se:cdpVersion: 143.0.7499.41, setWindowRect: true, strictFileInteractability: false, timeouts: {implicit: 0, pageLoad: 300000, script: 30000}, unhandledPromptBehavior: dismiss and notify, webauthn:extension:credBlob: true, webauthn:extension:largeBlob: true, webauthn:extension:minPinLength: true, webauthn:extension:prf: true, webauthn:virtualAuthenticators: true}
Session ID: f945b4f32809c291748a96b4c30f5067">
      <![CDATA[org.openqa.selenium.NoSuchElementException: no such element: Unable to locate element: {"method":"xpath","selector":"//input[@value='Open New Account']"}
  (Session info: chrome=143.0.7499.41)
For documentation on this error, please visit: https://www.selenium.dev/documentation/webdriver/troubleshooting/errors#nosuchelementexception
Build info: version: '4.36.0', revision: '6d115cfd87'
System info: os.name: 'Windows 11', os.arch: 'amd64', os.version: '10.0', java.version: '23'
Driver info: org.openqa.selenium.chrome.ChromeDriver
Command: [f945b4f32809c291748a96b4c30f5067, findElement {using=xpath, value=//input[@value='Open New Account']}]
Capabilities {acceptInsecureCerts: false, browserName: chrome, browserVersion: 143.0.7499.41, chrome: {chromedriverVersion: 143.0.7499.169 (164b20aab62..., userDataDir: C:\Users\Bhoomika\AppData\L...}, fedcm:accounts: true, goog:chromeOptions: {debuggerAddress: localhost:63863}, goog:processID: 26052, networkConnectionEnabled: false, pageLoadStrategy: normal, platformName: windows, proxy: Proxy(), se:cdp: ws://localhost:63863/devtoo..., se:cdpVersion: 143.0.7499.41, setWindowRect: true, strictFileInteractability: false, timeouts: {implicit: 0, pageLoad: 300000, script: 30000}, unhandledPromptBehavior: dismiss and notify, webauthn:extension:credBlob: true, webauthn:extension:largeBlob: true, webauthn:extension:minPinLength: true, webauthn:extension:prf: true, webauthn:virtualAuthenticators: true}
Session ID: f945b4f32809c291748a96b4c30f5067
at org.openqa.selenium.remote.ErrorCodec.decode(ErrorCodec.java:167)
at org.openqa.selenium.remote.codec.w3c.W3CHttpResponseCodec.decode(W3CHttpResponseCodec.java:138)
at org.openqa.selenium.remote.codec.w3c.W3CHttpResponseCodec.decode(W3CHttpResponseCodec.java:50)
at org.openqa.selenium.remote.HttpCommandExecutor.execute(HttpCommandExecutor.java:215)
at org.openqa.selenium.remote.service.DriverCommandExecutor.invokeExecute(DriverCommandExecutor.java:216)
at org.openqa.selenium.remote.service.DriverCommandExecutor.execute(DriverCommandExecutor.java:174)
at org.openqa.selenium.remote.RemoteWebDriver.execute(RemoteWebDriver.java:557)
at org.openqa.selenium.remote.ElementLocation$ElementFinder$2.findElement(ElementLocation.java:165)
at org.openqa.selenium.remote.ElementLocation.findElement(ElementLocation.java:59)
at org.openqa.selenium.remote.RemoteWebDriver.findElement(RemoteWebDriver.java:380)
at org.openqa.selenium.remote.RemoteWebDriver.findElement(RemoteWebDriver.java:374)
at pages.navigationUIfunction.clknewaccbtn(navigationUIfunction.java:128)
at tests.navigationandUItest.Clickablityofbutton(navigationandUItest.java:95)
at java.base/java.util.ArrayList.forEach(ArrayList.java:1597)
... Removed 28 stack frames]]>
    </failure>
  </testcase> <!-- Clickablityofbutton -->
  <testcase classname="base.BaseTest" name="@BeforeSuite initiateExtentReport" time="0.0">
    <ignored/>
  </testcase> <!-- @BeforeSuite initiateExtentReport -->
  <testcase classname="base.BaseTest" name="@AfterSuite closeReport" time="0.0">
    <ignored/>
  </testcase> <!-- @AfterSuite closeReport -->
  <testcase classname="base.BaseTest" name="@BeforeSuite initiateExtentReport" time="0.0">
    <ignored/>
  </testcase> <!-- @BeforeSuite initiateExtentReport -->
  <testcase classname="base.BaseTest" name="@AfterSuite closeReport" time="0.0">
    <ignored/>
  </testcase> <!-- @AfterSuite closeReport -->
  <testcase classname="base.BaseTest" name="@BeforeSuite initiateExtentReport" time="0.0">
    <ignored/>
  </testcase> <!-- @BeforeSuite initiateExtentReport -->
  <testcase classname="base.BaseTest" name="@BeforeSuite initiateExtentReport" time="0.0">
    <ignored/>
  </testcase> <!-- @BeforeSuite initiateExtentReport -->
  <testcase classname="base.BaseTest" name="@AfterSuite closeReport" time="0.0">
    <ignored/>
  </testcase> <!-- @AfterSuite closeReport -->
  <testcase classname="base.BaseTest" name="@AfterSuite closeReport" time="0.0">
    <ignored/>
  </testcase> <!-- @AfterSuite closeReport -->
  <testcase classname="base.BaseTest" name="@BeforeSuite initiateExtentReport" time="0.0">
    <ignored/>
  </testcase> <!-- @BeforeSuite initiateExtentReport -->
  <testcase classname="base.BaseTest" name="@AfterSuite closeReport" time="0.0">
    <ignored/>
  </testcase> <!-- @AfterSuite closeReport -->
</testsuite> <!-- Test -->
