<!DOCTYPE html PUBLIC "-//W3C//DTD XHTML 1.1//EN" "https://www.w3.org/TR/xhtml11/DTD/xhtml11.dtd">
<html xmlns="https://www.w3.org/1999/xhtml">
<head>
<meta http-equiv="content-type" content="text/html; charset=UTF-8"/>
<title>TestNG Report</title>
<style type="text/css">table {margin-bottom:10px;border-collapse:collapse;empty-cells:show}th,td {border:1px solid #009;padding:.25em .5em}th {vertical-align:bottom}td {vertical-align:top}table a {font-weight:bold}.stripe td {background-color: #E6EBF9}.num {text-align:right}.passedodd td {background-color: #3F3}.passedeven td {background-color: #0A0}.skippedodd td {background-color: #DDD}.skippedeven td {background-color: #CCC}.failedodd td,.attn {background-color: #F33}.failedeven td,.stripe .attn {background-color: #D00}.stacktrace {white-space:pre;font-family:monospace}.totop {font-size:85%;text-align:center;border-bottom:2px solid #000}.invisible {display:none}</style>
</head>
<body>
<table>
<tr><th>Test</th><th># Passed</th><th># Skipped</th><th># Retried</th><th># Failed</th><th>Time (ms)</th><th>Included Groups</th><th>Excluded Groups</th></tr>
<tr><th colspan="8">Suite</th></tr>
<tr><td><a href="#t0">Test</a></td><td class="num">19</td><td class="num">0</td><td class="num">0</td><td class="num attn">4</td><td class="num">352,680</td><td></td><td></td></tr>
</table>
<table id='summary'><thead><tr><th>Class</th><th>Method</th><th>Start</th><th>Time (ms)</th></tr></thead><tbody><tr><th colspan="4">Suite</th></tr></tbody><tbody id="t0"><tr><th colspan="4">Test &#8212; failed</th></tr><tr class="failedeven"><td rowspan="3">tests.FundsTransferTest</td><td><a href="#m0">CompletemsgAndBalance</a></td><td rowspan="1">1766588488269</td><td rowspan="1">34108</td></tr><tr class="failedeven"><td><a href="#m1">decimalamount</a></td><td rowspan="1">1766588453681</td><td rowspan="1">32602</td></tr><tr class="failedeven"><td><a href="#m2">sameaccount</a></td><td rowspan="1">1766588417137</td><td rowspan="1">33121</td></tr><tr class="failedodd"><td rowspan="1">tests.navigationandUItest</td><td><a href="#m3">Clickablityofbutton</a></td><td rowspan="1">1766588636300</td><td rowspan="1">22041</td></tr><tr><th colspan="4">Test &#8212; passed</th></tr><tr class="passedeven"><td rowspan="2">tests.AccountOverviewTest</td><td><a href="#m4">Checkingaccount</a></td><td rowspan="1">1766588385202</td><td rowspan="1">6030</td></tr><tr class="passedeven"><td><a href="#m5">clickaccountoverview</a></td><td rowspan="1">1766588360545</td><td rowspan="1">21158</td></tr><tr class="passedodd"><td rowspan="4">tests.ContactUsTest</td><td><a href="#m6">emptyfield</a></td><td rowspan="1">1766588541579</td><td rowspan="1">4881</td></tr><tr class="passedodd"><td><a href="#m7">opensupportform</a></td><td rowspan="1">1766588526280</td><td rowspan="1">2511</td></tr><tr class="passedodd"><td><a href="#m8">successmessage</a></td><td rowspan="1">1766588550168</td><td rowspan="1">5971</td></tr><tr class="passedodd"><td><a href="#m9">validinformation</a></td><td rowspan="1">1766588531906</td><td rowspan="1">5803</td></tr><tr class="passedeven"><td rowspan="2">tests.FundsTransferTest</td><td><a href="#m10">emptyfield</a></td><td rowspan="1">1766588406532</td><td rowspan="1">6897</td></tr><tr class="passedeven"><td><a href="#m11">validinternalaccount</a></td><td rowspan="1">1766588394932</td><td rowspan="1">7727</td></tr><tr class="passedodd"><td rowspan="3">tests.LoanRequestTest</td><td><a href="#m12">exceedinglimit</a></td><td rowspan="1">1766588596482</td><td rowspan="1">23630</td></tr><tr class="passedodd"><td><a href="#m13">missinginformation</a></td><td rowspan="1">1766588586315</td><td rowspan="1">6888</td></tr><tr class="passedodd"><td><a href="#m14">validdetails</a></td><td rowspan="1">1766588560138</td><td rowspan="1">22345</td></tr><tr class="passedeven"><td rowspan="6">tests.LoginTest</td><td><a href="#m15">emptyfield</a></td><td rowspan="1">1766588345666</td><td rowspan="1">1052</td></tr><tr class="passedeven"><td><a href="#m16">incorrecrpassword</a></td><td rowspan="1">1766588335544</td><td rowspan="1">1370</td></tr><tr class="passedeven"><td><a href="#m17">invalidemailformat</a></td><td rowspan="1">1766588350135</td><td rowspan="1">1768</td></tr><tr class="passedeven"><td><a href="#m18">maskinput</a></td><td rowspan="1">1766588355353</td><td rowspan="1">1897</td></tr><tr class="passedeven"><td><a href="#m19">unregistereduser</a></td><td rowspan="1">1766588340377</td><td rowspan="1">1852</td></tr><tr class="passedeven"><td><a href="#m20">validcredit</a></td><td rowspan="1">1766588311612</td><td rowspan="1">20467</td></tr><tr class="passedodd"><td rowspan="2">tests.navigationandUItest</td><td><a href="#m21">Openhomepage</a></td><td rowspan="1">1766588631934</td><td rowspan="1">1063</td></tr><tr class="passedodd"><td><a href="#m22">Openpages</a></td><td rowspan="1">1766588624144</td><td rowspan="1">4470</td></tr></tbody>
</table>
<h2>Test</h2><h3 id="m0">tests.FundsTransferTest#CompletemsgAndBalance</h3><table class="result"><tr><th>Exception</th></tr><tr><td><div class="stacktrace">org.openqa.selenium.NoSuchElementException: Cannot locate option with text: 13899
For documentation on this error, please visit: https://www.selenium.dev/documentation/webdriver/troubleshooting/errors#nosuchelementexception
Build info: version: &apos;4.36.0&apos;, revision: &apos;6d115cfd87&apos;
System info: os.name: &apos;Windows 11&apos;, os.arch: &apos;amd64&apos;, os.version: &apos;10.0&apos;, java.version: &apos;23&apos;
Driver info: driver.version: unknown
	at org.openqa.selenium.support.ui.Select.selectByVisibleText(Select.java:397)
	at org.openqa.selenium.support.ui.Select.selectByVisibleText(Select.java:125)
	at pages.FundsTransferfunction.selectfromacccount(FundsTransferfunction.java:124)
	at tests.FundsTransferTest.CompletemsgAndBalance(FundsTransferTest.java:256)
	at java.base/java.util.ArrayList.forEach(ArrayList.java:1597)
... Removed 25 stack frames</div></td></tr></table><p class="totop"><a href="#summary">back to summary</a></p>
<h3 id="m1">tests.FundsTransferTest#decimalamount</h3><table class="result"><tr><th>Exception</th></tr><tr><td><div class="stacktrace">org.openqa.selenium.NoSuchElementException: Cannot locate option with text: 13899
For documentation on this error, please visit: https://www.selenium.dev/documentation/webdriver/troubleshooting/errors#nosuchelementexception
Build info: version: &apos;4.36.0&apos;, revision: &apos;6d115cfd87&apos;
System info: os.name: &apos;Windows 11&apos;, os.arch: &apos;amd64&apos;, os.version: &apos;10.0&apos;, java.version: &apos;23&apos;
Driver info: driver.version: unknown
	at org.openqa.selenium.support.ui.Select.selectByVisibleText(Select.java:397)
	at org.openqa.selenium.support.ui.Select.selectByVisibleText(Select.java:125)
	at pages.FundsTransferfunction.selectfromacccount(FundsTransferfunction.java:124)
	at tests.FundsTransferTest.decimalamount(FundsTransferTest.java:203)
	at java.base/java.util.ArrayList.forEach(ArrayList.java:1597)
... Removed 25 stack frames</div></td></tr></table><p class="totop"><a href="#summary">back to summary</a></p>
<h3 id="m2">tests.FundsTransferTest#sameaccount</h3><table class="result"><tr><th>Exception</th></tr><tr><td><div class="stacktrace">org.openqa.selenium.NoSuchElementException: Cannot locate option with text: 13899
For documentation on this error, please visit: https://www.selenium.dev/documentation/webdriver/troubleshooting/errors#nosuchelementexception
Build info: version: &apos;4.36.0&apos;, revision: &apos;6d115cfd87&apos;
System info: os.name: &apos;Windows 11&apos;, os.arch: &apos;amd64&apos;, os.version: &apos;10.0&apos;, java.version: &apos;23&apos;
Driver info: driver.version: unknown
	at org.openqa.selenium.support.ui.Select.selectByVisibleText(Select.java:397)
	at org.openqa.selenium.support.ui.Select.selectByVisibleText(Select.java:125)
	at pages.FundsTransferfunction.selectfromacccount(FundsTransferfunction.java:124)
	at tests.FundsTransferTest.sameaccount(FundsTransferTest.java:150)
	at java.base/java.util.ArrayList.forEach(ArrayList.java:1597)
... Removed 25 stack frames</div></td></tr></table><p class="totop"><a href="#summary">back to summary</a></p>
<h3 id="m3">tests.navigationandUItest#Clickablityofbutton</h3><table class="result"><tr><th>Exception</th></tr><tr><td><div class="stacktrace">org.openqa.selenium.NoSuchElementException: no such element: Unable to locate element: {&quot;method&quot;:&quot;xpath&quot;,&quot;selector&quot;:&quot;//input[@value=&apos;Open New Account&apos;]&quot;}
  (Session info: chrome=143.0.7499.41)
For documentation on this error, please visit: https://www.selenium.dev/documentation/webdriver/troubleshooting/errors#nosuchelementexception
Build info: version: &apos;4.36.0&apos;, revision: &apos;6d115cfd87&apos;
System info: os.name: &apos;Windows 11&apos;, os.arch: &apos;amd64&apos;, os.version: &apos;10.0&apos;, java.version: &apos;23&apos;
Driver info: org.openqa.selenium.chrome.ChromeDriver
Command: [f945b4f32809c291748a96b4c30f5067, findElement {using=xpath, value=//input[@value=&apos;Open New Account&apos;]}]
Capabilities {acceptInsecureCerts: false, browserName: chrome, browserVersion: 143.0.7499.41, chrome: {chromedriverVersion: 143.0.7499.169 (164b20aab62..., userDataDir: C:\Users\Bhoomika\AppData\L...}, fedcm:accounts: true, goog:chromeOptions: {debuggerAddress: localhost:63863}, goog:processID: 26052, networkConnectionEnabled: false, pageLoadStrategy: normal, platformName: windows, proxy: Proxy(), se:cdp: ws://localhost:63863/devtoo..., se:cdpVersion: 143.0.7499.41, setWindowRect: true, strictFileInteractability: false, timeouts: {implicit: 0, pageLoad: 300000, script: 30000}, unhandledPromptBehavior: dismiss and notify, webauthn:extension:credBlob: true, webauthn:extension:largeBlob: true, webauthn:extension:minPinLength: true, webauthn:extension:prf: true, webauthn:virtualAuthenticators: true}
Session ID: f945b4f32809c291748a96b4c30f5067
	at org.openqa.selenium.remote.ErrorCodec.decode(ErrorCodec.java:167)
	at org.openqa.selenium.remote.codec.w3c.W3CHttpResponseCodec.decode(W3CHttpResponseCodec.java:138)
	at org.openqa.selenium.remote.codec.w3c.W3CHttpResponseCodec.decode(W3CHttpResponseCodec.java:50)
	at org.openqa.selenium.remote.HttpCommandExecutor.execute(HttpCommandExecutor.java:215)
	at org.openqa.selenium.remote.service.DriverCommandExecutor.invokeExecute(DriverCommandExecutor.java:216)
	at org.openqa.selenium.remote.service.DriverCommandExecutor.execute(DriverCommandExecutor.java:174)
	at org.openqa.selenium.remote.RemoteWebDriver.execute(RemoteWebDriver.java:557)
	at org.openqa.selenium.remote.ElementLocation$ElementFinder$2.findElement(ElementLocation.java:165)
	at org.openqa.selenium.remote.ElementLocation.findElement(ElementLocation.java:59)
	at org.openqa.selenium.remote.RemoteWebDriver.findElement(RemoteWebDriver.java:380)
	at org.openqa.selenium.remote.RemoteWebDriver.findElement(RemoteWebDriver.java:374)
	at pages.navigationUIfunction.clknewaccbtn(navigationUIfunction.java:128)
	at tests.navigationandUItest.Clickablityofbutton(navigationandUItest.java:95)
	at java.base/java.util.ArrayList.forEach(ArrayList.java:1597)
... Removed 28 stack frames</div></td></tr></table><p class="totop"><a href="#summary">back to summary</a></p>
<h3 id="m4">tests.AccountOverviewTest#Checkingaccount</h3><table class="result"><tr><th class="invisible"/></tr></table><p class="totop"><a href="#summary">back to summary</a></p>
<h3 id="m5">tests.AccountOverviewTest#clickaccountoverview</h3><table class="result"><tr><th class="invisible"/></tr></table><p class="totop"><a href="#summary">back to summary</a></p>
<h3 id="m6">tests.ContactUsTest#emptyfield</h3><table class="result"><tr><th class="invisible"/></tr></table><p class="totop"><a href="#summary">back to summary</a></p>
<h3 id="m7">tests.ContactUsTest#opensupportform</h3><table class="result"><tr><th class="invisible"/></tr></table><p class="totop"><a href="#summary">back to summary</a></p>
<h3 id="m8">tests.ContactUsTest#successmessage</h3><table class="result"><tr><th class="invisible"/></tr></table><p class="totop"><a href="#summary">back to summary</a></p>
<h3 id="m9">tests.ContactUsTest#validinformation</h3><table class="result"><tr><th class="invisible"/></tr></table><p class="totop"><a href="#summary">back to summary</a></p>
<h3 id="m10">tests.FundsTransferTest#emptyfield</h3><table class="result"><tr><th class="invisible"/></tr></table><p class="totop"><a href="#summary">back to summary</a></p>
<h3 id="m11">tests.FundsTransferTest#validinternalaccount</h3><table class="result"><tr><th class="invisible"/></tr></table><p class="totop"><a href="#summary">back to summary</a></p>
<h3 id="m12">tests.LoanRequestTest#exceedinglimit</h3><table class="result"><tr><th class="invisible"/></tr></table><p class="totop"><a href="#summary">back to summary</a></p>
<h3 id="m13">tests.LoanRequestTest#missinginformation</h3><table class="result"><tr><th class="invisible"/></tr></table><p class="totop"><a href="#summary">back to summary</a></p>
<h3 id="m14">tests.LoanRequestTest#validdetails</h3><table class="result"><tr><th class="invisible"/></tr></table><p class="totop"><a href="#summary">back to summary</a></p>
<h3 id="m15">tests.LoginTest#emptyfield</h3><table class="result"><tr><th class="invisible"/></tr></table><p class="totop"><a href="#summary">back to summary</a></p>
<h3 id="m16">tests.LoginTest#incorrecrpassword</h3><table class="result"><tr><th class="invisible"/></tr></table><p class="totop"><a href="#summary">back to summary</a></p>
<h3 id="m17">tests.LoginTest#invalidemailformat</h3><table class="result"><tr><th class="invisible"/></tr></table><p class="totop"><a href="#summary">back to summary</a></p>
<h3 id="m18">tests.LoginTest#maskinput</h3><table class="result"><tr><th class="invisible"/></tr></table><p class="totop"><a href="#summary">back to summary</a></p>
<h3 id="m19">tests.LoginTest#unregistereduser</h3><table class="result"><tr><th class="invisible"/></tr></table><p class="totop"><a href="#summary">back to summary</a></p>
<h3 id="m20">tests.LoginTest#validcredit</h3><table class="result"><tr><th class="invisible"/></tr></table><p class="totop"><a href="#summary">back to summary</a></p>
<h3 id="m21">tests.navigationandUItest#Openhomepage</h3><table class="result"><tr><th class="invisible"/></tr></table><p class="totop"><a href="#summary">back to summary</a></p>
<h3 id="m22">tests.navigationandUItest#Openpages</h3><table class="result"><tr><th class="invisible"/></tr></table><p class="totop"><a href="#summary">back to summary</a></p>
</body>
</html>
