<!DOCTYPE html>

<html>
  <head>
  <meta charset='utf-8'>
  <title>TestNG reports</title>

    <link type="text/css" href="testng-reports1.css" rel="stylesheet" id="ultra" />
    <link type="text/css" href="testng-reports.css" rel="stylesheet" id="retro" disabled="false"/>
    <script type="text/javascript" src="jquery-3.6.0.min.js"></script>
    <script type="text/javascript" src="testng-reports.js"></script>
    <script type="text/javascript" src="https://www.google.com/jsapi"></script>
    <script type='text/javascript'>
      google.load('visualization', '1', {packages:['table']});
      google.setOnLoadCallback(drawTable);
      var suiteTableInitFunctions = new Array();
      var suiteTableData = new Array();
    </script>
    <!--
      <script type="text/javascript" src="jquery-ui/js/jquery-ui-1.8.16.custom.min.js"></script>
     -->
  </head>

  <body>    <div class="top-banner-root">
      <span class="top-banner-title-font">Test results</span>
      <button id="button" class="button">Switch Retro Theme</button> <!-- button -->
      <br/>
      <span class="top-banner-font-1">1 suite, 4 failed tests</span>
    </div> <!-- top-banner-root -->
    <div class="navigator-root">
      <div class="navigator-suite-header">
        <span>All suites</span>
        <a href="#" title="Collapse/expand all the suites" class="collapse-all-link">
          <img src="collapseall.gif" class="collapse-all-icon">
          </img> <!-- collapse-all-icon -->
        </a> <!-- collapse-all-link -->
      </div> <!-- navigator-suite-header -->
      <div class="suite">
        <div class="rounded-window">
          <div class="suite-header light-rounded-window-top">
            <a href="#" panel-name="suite-Suite" class="navigator-link">
              <span class="suite-name border-failed">Suite</span>
            </a> <!-- navigator-link -->
          </div> <!-- suite-header light-rounded-window-top -->
          <div class="navigator-suite-content">
            <div class="suite-section-title">
              <span>Info</span>
            </div> <!-- suite-section-title -->
            <div class="suite-section-content">
              <ul>
                <li>
                  <a href="#" panel-name="test-xml-Suite" class="navigator-link ">
                    <span>C:\Users\Bhoomika\eclipse-workspace\FinTechonlinebanking\src\test\java\tests\testng.xml</span>
                  </a> <!-- navigator-link  -->
                </li>
                <li>
                  <a href="#" panel-name="testlist-Suite" class="navigator-link ">
                    <span class="test-stats">1 test</span>
                  </a> <!-- navigator-link  -->
                </li>
                <li>
                  <a href="#" panel-name="group-Suite" class="navigator-link ">
                    <span>0 groups</span>
                  </a> <!-- navigator-link  -->
                </li>
                <li>
                  <a href="#" panel-name="times-Suite" class="navigator-link ">
                    <span>Times</span>
                  </a> <!-- navigator-link  -->
                </li>
                <li>
                  <a href="#" panel-name="reporter-Suite" class="navigator-link ">
                    <span>Reporter output</span>
                  </a> <!-- navigator-link  -->
                </li>
                <li>
                  <a href="#" panel-name="ignored-methods-Suite" class="navigator-link ">
                    <span>Ignored methods</span>
                  </a> <!-- navigator-link  -->
                </li>
                <li>
                  <a href="#" panel-name="chronological-Suite" class="navigator-link ">
                    <span>Chronological view</span>
                  </a> <!-- navigator-link  -->
                </li>
              </ul>
            </div> <!-- suite-section-content -->
            <div class="result-section">
              <div class="suite-section-title">
                <span>Results</span>
              </div> <!-- suite-section-title -->
              <div class="suite-section-content">
                <ul>
                  <li>
                    <span class="method-stats">23 methods, 4 failed,   19 passed</span>
                  </li>
                  <li>
                    <span class="method-list-title failed">Failed methods</span>
                    <span class="show-or-hide-methods failed">
                      <a href="#" panel-name="suite-Suite" class="hide-methods failed suite-Suite"> (hide)</a> <!-- hide-methods failed suite-Suite -->
                      <a href="#" panel-name="suite-Suite" class="show-methods failed suite-Suite"> (show)</a> <!-- show-methods failed suite-Suite -->
                    </span>
                    <div class="method-list-content failed suite-Suite">
                      <span>
                        <img src="failed.png" width="3%"/>
                        <a href="#" panel-name="suite-Suite" title="tests.navigationandUItest" class="method navigator-link" hash-for-method="Clickablityofbutton">Clickablityofbutton</a> <!-- method navigator-link -->
                      </span>
                      <br/>
                      <span>
                        <img src="failed.png" width="3%"/>
                        <a href="#" panel-name="suite-Suite" title="tests.FundsTransferTest" class="method navigator-link" hash-for-method="CompletemsgAndBalance">CompletemsgAndBalance</a> <!-- method navigator-link -->
                      </span>
                      <br/>
                      <span>
                        <img src="failed.png" width="3%"/>
                        <a href="#" panel-name="suite-Suite" title="tests.FundsTransferTest" class="method navigator-link" hash-for-method="decimalamount">decimalamount</a> <!-- method navigator-link -->
                      </span>
                      <br/>
                      <span>
                        <img src="failed.png" width="3%"/>
                        <a href="#" panel-name="suite-Suite" title="tests.FundsTransferTest" class="method navigator-link" hash-for-method="sameaccount">sameaccount</a> <!-- method navigator-link -->
                      </span>
                      <br/>
                    </div> <!-- method-list-content failed suite-Suite -->
                  </li>
                  <li>
                    <span class="method-list-title passed">Passed methods</span>
                    <span class="show-or-hide-methods passed">
                      <a href="#" panel-name="suite-Suite" class="hide-methods passed suite-Suite"> (hide)</a> <!-- hide-methods passed suite-Suite -->
                      <a href="#" panel-name="suite-Suite" class="show-methods passed suite-Suite"> (show)</a> <!-- show-methods passed suite-Suite -->
                    </span>
                    <div class="method-list-content passed suite-Suite">
                      <span>
                        <img src="passed.png" width="3%"/>
                        <a href="#" panel-name="suite-Suite" title="tests.AccountOverviewTest" class="method navigator-link" hash-for-method="Checkingaccount">Checkingaccount</a> <!-- method navigator-link -->
                      </span>
                      <br/>
                      <span>
                        <img src="passed.png" width="3%"/>
                        <a href="#" panel-name="suite-Suite" title="tests.navigationandUItest" class="method navigator-link" hash-for-method="Openhomepage">Openhomepage</a> <!-- method navigator-link -->
                      </span>
                      <br/>
                      <span>
                        <img src="passed.png" width="3%"/>
                        <a href="#" panel-name="suite-Suite" title="tests.navigationandUItest" class="method navigator-link" hash-for-method="Openpages">Openpages</a> <!-- method navigator-link -->
                      </span>
                      <br/>
                      <span>
                        <img src="passed.png" width="3%"/>
                        <a href="#" panel-name="suite-Suite" title="tests.AccountOverviewTest" class="method navigator-link" hash-for-method="clickaccountoverview">clickaccountoverview</a> <!-- method navigator-link -->
                      </span>
                      <br/>
                      <span>
                        <img src="passed.png" width="3%"/>
                        <a href="#" panel-name="suite-Suite" title="tests.ContactUsTest" class="method navigator-link" hash-for-method="emptyfield">emptyfield</a> <!-- method navigator-link -->
                      </span>
                      <br/>
                      <span>
                        <img src="passed.png" width="3%"/>
                        <a href="#" panel-name="suite-Suite" title="tests.LoginTest" class="method navigator-link" hash-for-method="emptyfield">emptyfield</a> <!-- method navigator-link -->
                      </span>
                      <br/>
                      <span>
                        <img src="passed.png" width="3%"/>
                        <a href="#" panel-name="suite-Suite" title="tests.FundsTransferTest" class="method navigator-link" hash-for-method="emptyfield">emptyfield</a> <!-- method navigator-link -->
                      </span>
                      <br/>
                      <span>
                        <img src="passed.png" width="3%"/>
                        <a href="#" panel-name="suite-Suite" title="tests.LoanRequestTest" class="method navigator-link" hash-for-method="exceedinglimit">exceedinglimit</a> <!-- method navigator-link -->
                      </span>
                      <br/>
                      <span>
                        <img src="passed.png" width="3%"/>
                        <a href="#" panel-name="suite-Suite" title="tests.LoginTest" class="method navigator-link" hash-for-method="incorrecrpassword">incorrecrpassword</a> <!-- method navigator-link -->
                      </span>
                      <br/>
                      <span>
                        <img src="passed.png" width="3%"/>
                        <a href="#" panel-name="suite-Suite" title="tests.LoginTest" class="method navigator-link" hash-for-method="invalidemailformat">invalidemailformat</a> <!-- method navigator-link -->
                      </span>
                      <br/>
                      <span>
                        <img src="passed.png" width="3%"/>
                        <a href="#" panel-name="suite-Suite" title="tests.LoginTest" class="method navigator-link" hash-for-method="maskinput">maskinput</a> <!-- method navigator-link -->
                      </span>
                      <br/>
                      <span>
                        <img src="passed.png" width="3%"/>
                        <a href="#" panel-name="suite-Suite" title="tests.LoanRequestTest" class="method navigator-link" hash-for-method="missinginformation">missinginformation</a> <!-- method navigator-link -->
                      </span>
                      <br/>
                      <span>
                        <img src="passed.png" width="3%"/>
                        <a href="#" panel-name="suite-Suite" title="tests.ContactUsTest" class="method navigator-link" hash-for-method="opensupportform">opensupportform</a> <!-- method navigator-link -->
                      </span>
                      <br/>
                      <span>
                        <img src="passed.png" width="3%"/>
                        <a href="#" panel-name="suite-Suite" title="tests.ContactUsTest" class="method navigator-link" hash-for-method="successmessage">successmessage</a> <!-- method navigator-link -->
                      </span>
                      <br/>
                      <span>
                        <img src="passed.png" width="3%"/>
                        <a href="#" panel-name="suite-Suite" title="tests.LoginTest" class="method navigator-link" hash-for-method="unregistereduser">unregistereduser</a> <!-- method navigator-link -->
                      </span>
                      <br/>
                      <span>
                        <img src="passed.png" width="3%"/>
                        <a href="#" panel-name="suite-Suite" title="tests.LoginTest" class="method navigator-link" hash-for-method="validcredit">validcredit</a> <!-- method navigator-link -->
                      </span>
                      <br/>
                      <span>
                        <img src="passed.png" width="3%"/>
                        <a href="#" panel-name="suite-Suite" title="tests.LoanRequestTest" class="method navigator-link" hash-for-method="validdetails">validdetails</a> <!-- method navigator-link -->
                      </span>
                      <br/>
                      <span>
                        <img src="passed.png" width="3%"/>
                        <a href="#" panel-name="suite-Suite" title="tests.ContactUsTest" class="method navigator-link" hash-for-method="validinformation">validinformation</a> <!-- method navigator-link -->
                      </span>
                      <br/>
                      <span>
                        <img src="passed.png" width="3%"/>
                        <a href="#" panel-name="suite-Suite" title="tests.FundsTransferTest" class="method navigator-link" hash-for-method="validinternalaccount">validinternalaccount</a> <!-- method navigator-link -->
                      </span>
                      <br/>
                    </div> <!-- method-list-content passed suite-Suite -->
                  </li>
                </ul>
              </div> <!-- suite-section-content -->
            </div> <!-- result-section -->
          </div> <!-- navigator-suite-content -->
        </div> <!-- rounded-window -->
      </div> <!-- suite -->
    </div> <!-- navigator-root -->
    <div class="wrapper">
      <div class="main-panel-root">
        <div panel-name="suite-Suite" class="panel Suite">
          <div class="suite-Suite-class-failed">
            <div class="main-panel-header rounded-window-top">
              <img src="failed.png"/>
              <span class="class-name">tests.FundsTransferTest</span>
            </div> <!-- main-panel-header rounded-window-top -->
            <div class="main-panel-content rounded-window-bottom">
              <div class="method">
                <div class="method-content">
                  <a name="CompletemsgAndBalance">
                  </a> <!-- CompletemsgAndBalance -->
                  <span class="method-name">CompletemsgAndBalance</span>
                  <div class="stack-trace">org.openqa.selenium.NoSuchElementException: Cannot locate option with text: 13899
For documentation on this error, please visit: https://www.selenium.dev/documentation/webdriver/troubleshooting/errors#nosuchelementexception
Build info: version: &apos;4.36.0&apos;, revision: &apos;6d115cfd87&apos;
System info: os.name: &apos;Windows 11&apos;, os.arch: &apos;amd64&apos;, os.version: &apos;10.0&apos;, java.version: &apos;23&apos;
Driver info: driver.version: unknown
	at org.openqa.selenium.support.ui.Select.selectByVisibleText(Select.java:397)
	at org.openqa.selenium.support.ui.Select.selectByVisibleText(Select.java:125)
	at pages.FundsTransferfunction.selectfromacccount(FundsTransferfunction.java:124)
	at tests.FundsTransferTest.CompletemsgAndBalance(FundsTransferTest.java:256)
	at java.base/java.util.ArrayList.forEach(ArrayList.java:1597)
... Removed 25 stack frames
</div> <!-- stack-trace -->
                </div> <!-- method-content -->
              </div> <!-- method -->
              <div class="method">
                <div class="method-content">
                  <a name="decimalamount">
                  </a> <!-- decimalamount -->
                  <span class="method-name">decimalamount</span>
                  <div class="stack-trace">org.openqa.selenium.NoSuchElementException: Cannot locate option with text: 13899
For documentation on this error, please visit: https://www.selenium.dev/documentation/webdriver/troubleshooting/errors#nosuchelementexception
Build info: version: &apos;4.36.0&apos;, revision: &apos;6d115cfd87&apos;
System info: os.name: &apos;Windows 11&apos;, os.arch: &apos;amd64&apos;, os.version: &apos;10.0&apos;, java.version: &apos;23&apos;
Driver info: driver.version: unknown
	at org.openqa.selenium.support.ui.Select.selectByVisibleText(Select.java:397)
	at org.openqa.selenium.support.ui.Select.selectByVisibleText(Select.java:125)
	at pages.FundsTransferfunction.selectfromacccount(FundsTransferfunction.java:124)
	at tests.FundsTransferTest.decimalamount(FundsTransferTest.java:203)
	at java.base/java.util.ArrayList.forEach(ArrayList.java:1597)
... Removed 25 stack frames
</div> <!-- stack-trace -->
                </div> <!-- method-content -->
              </div> <!-- method -->
              <div class="method">
                <div class="method-content">
                  <a name="sameaccount">
                  </a> <!-- sameaccount -->
                  <span class="method-name">sameaccount</span>
                  <div class="stack-trace">org.openqa.selenium.NoSuchElementException: Cannot locate option with text: 13899
For documentation on this error, please visit: https://www.selenium.dev/documentation/webdriver/troubleshooting/errors#nosuchelementexception
Build info: version: &apos;4.36.0&apos;, revision: &apos;6d115cfd87&apos;
System info: os.name: &apos;Windows 11&apos;, os.arch: &apos;amd64&apos;, os.version: &apos;10.0&apos;, java.version: &apos;23&apos;
Driver info: driver.version: unknown
	at org.openqa.selenium.support.ui.Select.selectByVisibleText(Select.java:397)
	at org.openqa.selenium.support.ui.Select.selectByVisibleText(Select.java:125)
	at pages.FundsTransferfunction.selectfromacccount(FundsTransferfunction.java:124)
	at tests.FundsTransferTest.sameaccount(FundsTransferTest.java:150)
	at java.base/java.util.ArrayList.forEach(ArrayList.java:1597)
... Removed 25 stack frames
</div> <!-- stack-trace -->
                </div> <!-- method-content -->
              </div> <!-- method -->
            </div> <!-- main-panel-content rounded-window-bottom -->
          </div> <!-- suite-Suite-class-failed -->
          <div class="suite-Suite-class-failed">
            <div class="main-panel-header rounded-window-top">
              <img src="failed.png"/>
              <span class="class-name">tests.navigationandUItest</span>
            </div> <!-- main-panel-header rounded-window-top -->
            <div class="main-panel-content rounded-window-bottom">
              <div class="method">
                <div class="method-content">
                  <a name="Clickablityofbutton">
                  </a> <!-- Clickablityofbutton -->
                  <span class="method-name">Clickablityofbutton</span>
                  <div class="stack-trace">org.openqa.selenium.NoSuchElementException: no such element: Unable to locate element: {&quot;method&quot;:&quot;xpath&quot;,&quot;selector&quot;:&quot;//input[@value=&apos;Open New Account&apos;]&quot;}
  (Session info: chrome=143.0.7499.41)
For documentation on this error, please visit: https://www.selenium.dev/documentation/webdriver/troubleshooting/errors#nosuchelementexception
Build info: version: &apos;4.36.0&apos;, revision: &apos;6d115cfd87&apos;
System info: os.name: &apos;Windows 11&apos;, os.arch: &apos;amd64&apos;, os.version: &apos;10.0&apos;, java.version: &apos;23&apos;
Driver info: org.openqa.selenium.chrome.ChromeDriver
Command: [f945b4f32809c291748a96b4c30f5067, findElement {using=xpath, value=//input[@value=&apos;Open New Account&apos;]}]
Capabilities {acceptInsecureCerts: false, browserName: chrome, browserVersion: 143.0.7499.41, chrome: {chromedriverVersion: 143.0.7499.169 (164b20aab62..., userDataDir: C:\Users\Bhoomika\AppData\L...}, fedcm:accounts: true, goog:chromeOptions: {debuggerAddress: localhost:63863}, goog:processID: 26052, networkConnectionEnabled: false, pageLoadStrategy: normal, platformName: windows, proxy: Proxy(), se:cdp: ws://localhost:63863/devtoo..., se:cdpVersion: 143.0.7499.41, setWindowRect: true, strictFileInteractability: false, timeouts: {implicit: 0, pageLoad: 300000, script: 30000}, unhandledPromptBehavior: dismiss and notify, webauthn:extension:credBlob: true, webauthn:extension:largeBlob: true, webauthn:extension:minPinLength: true, webauthn:extension:prf: true, webauthn:virtualAuthenticators: true}
Session ID: f945b4f32809c291748a96b4c30f5067
	at org.openqa.selenium.remote.ErrorCodec.decode(ErrorCodec.java:167)
	at org.openqa.selenium.remote.codec.w3c.W3CHttpResponseCodec.decode(W3CHttpResponseCodec.java:138)
	at org.openqa.selenium.remote.codec.w3c.W3CHttpResponseCodec.decode(W3CHttpResponseCodec.java:50)
	at org.openqa.selenium.remote.HttpCommandExecutor.execute(HttpCommandExecutor.java:215)
	at org.openqa.selenium.remote.service.DriverCommandExecutor.invokeExecute(DriverCommandExecutor.java:216)
	at org.openqa.selenium.remote.service.DriverCommandExecutor.execute(DriverCommandExecutor.java:174)
	at org.openqa.selenium.remote.RemoteWebDriver.execute(RemoteWebDriver.java:557)
	at org.openqa.selenium.remote.ElementLocation$ElementFinder$2.findElement(ElementLocation.java:165)
	at org.openqa.selenium.remote.ElementLocation.findElement(ElementLocation.java:59)
	at org.openqa.selenium.remote.RemoteWebDriver.findElement(RemoteWebDriver.java:380)
	at org.openqa.selenium.remote.RemoteWebDriver.findElement(RemoteWebDriver.java:374)
	at pages.navigationUIfunction.clknewaccbtn(navigationUIfunction.java:128)
	at tests.navigationandUItest.Clickablityofbutton(navigationandUItest.java:95)
	at java.base/java.util.ArrayList.forEach(ArrayList.java:1597)
... Removed 28 stack frames
</div> <!-- stack-trace -->
                </div> <!-- method-content -->
              </div> <!-- method -->
            </div> <!-- main-panel-content rounded-window-bottom -->
          </div> <!-- suite-Suite-class-failed -->
          <div class="suite-Suite-class-passed">
            <div class="main-panel-header rounded-window-top">
              <img src="passed.png"/>
              <span class="class-name">tests.ContactUsTest</span>
            </div> <!-- main-panel-header rounded-window-top -->
            <div class="main-panel-content rounded-window-bottom">
              <div class="method">
                <div class="method-content">
                  <a name="emptyfield">
                  </a> <!-- emptyfield -->
                  <span class="method-name">emptyfield</span>
                </div> <!-- method-content -->
              </div> <!-- method -->
              <div class="method">
                <div class="method-content">
                  <a name="opensupportform">
                  </a> <!-- opensupportform -->
                  <span class="method-name">opensupportform</span>
                </div> <!-- method-content -->
              </div> <!-- method -->
              <div class="method">
                <div class="method-content">
                  <a name="successmessage">
                  </a> <!-- successmessage -->
                  <span class="method-name">successmessage</span>
                </div> <!-- method-content -->
              </div> <!-- method -->
              <div class="method">
                <div class="method-content">
                  <a name="validinformation">
                  </a> <!-- validinformation -->
                  <span class="method-name">validinformation</span>
                </div> <!-- method-content -->
              </div> <!-- method -->
            </div> <!-- main-panel-content rounded-window-bottom -->
          </div> <!-- suite-Suite-class-passed -->
          <div class="suite-Suite-class-passed">
            <div class="main-panel-header rounded-window-top">
              <img src="passed.png"/>
              <span class="class-name">tests.FundsTransferTest</span>
            </div> <!-- main-panel-header rounded-window-top -->
            <div class="main-panel-content rounded-window-bottom">
              <div class="method">
                <div class="method-content">
                  <a name="emptyfield">
                  </a> <!-- emptyfield -->
                  <span class="method-name">emptyfield</span>
                </div> <!-- method-content -->
              </div> <!-- method -->
              <div class="method">
                <div class="method-content">
                  <a name="validinternalaccount">
                  </a> <!-- validinternalaccount -->
                  <span class="method-name">validinternalaccount</span>
                </div> <!-- method-content -->
              </div> <!-- method -->
            </div> <!-- main-panel-content rounded-window-bottom -->
          </div> <!-- suite-Suite-class-passed -->
          <div class="suite-Suite-class-passed">
            <div class="main-panel-header rounded-window-top">
              <img src="passed.png"/>
              <span class="class-name">tests.LoginTest</span>
            </div> <!-- main-panel-header rounded-window-top -->
            <div class="main-panel-content rounded-window-bottom">
              <div class="method">
                <div class="method-content">
                  <a name="emptyfield">
                  </a> <!-- emptyfield -->
                  <span class="method-name">emptyfield</span>
                </div> <!-- method-content -->
              </div> <!-- method -->
              <div class="method">
                <div class="method-content">
                  <a name="incorrecrpassword">
                  </a> <!-- incorrecrpassword -->
                  <span class="method-name">incorrecrpassword</span>
                </div> <!-- method-content -->
              </div> <!-- method -->
              <div class="method">
                <div class="method-content">
                  <a name="invalidemailformat">
                  </a> <!-- invalidemailformat -->
                  <span class="method-name">invalidemailformat</span>
                </div> <!-- method-content -->
              </div> <!-- method -->
              <div class="method">
                <div class="method-content">
                  <a name="maskinput">
                  </a> <!-- maskinput -->
                  <span class="method-name">maskinput</span>
                </div> <!-- method-content -->
              </div> <!-- method -->
              <div class="method">
                <div class="method-content">
                  <a name="unregistereduser">
                  </a> <!-- unregistereduser -->
                  <span class="method-name">unregistereduser</span>
                </div> <!-- method-content -->
              </div> <!-- method -->
              <div class="method">
                <div class="method-content">
                  <a name="validcredit">
                  </a> <!-- validcredit -->
                  <span class="method-name">validcredit</span>
                </div> <!-- method-content -->
              </div> <!-- method -->
            </div> <!-- main-panel-content rounded-window-bottom -->
          </div> <!-- suite-Suite-class-passed -->
          <div class="suite-Suite-class-passed">
            <div class="main-panel-header rounded-window-top">
              <img src="passed.png"/>
              <span class="class-name">tests.navigationandUItest</span>
            </div> <!-- main-panel-header rounded-window-top -->
            <div class="main-panel-content rounded-window-bottom">
              <div class="method">
                <div class="method-content">
                  <a name="Openhomepage">
                  </a> <!-- Openhomepage -->
                  <span class="method-name">Openhomepage</span>
                </div> <!-- method-content -->
              </div> <!-- method -->
              <div class="method">
                <div class="method-content">
                  <a name="Openpages">
                  </a> <!-- Openpages -->
                  <span class="method-name">Openpages</span>
                </div> <!-- method-content -->
              </div> <!-- method -->
            </div> <!-- main-panel-content rounded-window-bottom -->
          </div> <!-- suite-Suite-class-passed -->
          <div class="suite-Suite-class-passed">
            <div class="main-panel-header rounded-window-top">
              <img src="passed.png"/>
              <span class="class-name">tests.AccountOverviewTest</span>
            </div> <!-- main-panel-header rounded-window-top -->
            <div class="main-panel-content rounded-window-bottom">
              <div class="method">
                <div class="method-content">
                  <a name="Checkingaccount">
                  </a> <!-- Checkingaccount -->
                  <span class="method-name">Checkingaccount</span>
                </div> <!-- method-content -->
              </div> <!-- method -->
              <div class="method">
                <div class="method-content">
                  <a name="clickaccountoverview">
                  </a> <!-- clickaccountoverview -->
                  <span class="method-name">clickaccountoverview</span>
                </div> <!-- method-content -->
              </div> <!-- method -->
            </div> <!-- main-panel-content rounded-window-bottom -->
          </div> <!-- suite-Suite-class-passed -->
          <div class="suite-Suite-class-passed">
            <div class="main-panel-header rounded-window-top">
              <img src="passed.png"/>
              <span class="class-name">tests.LoanRequestTest</span>
            </div> <!-- main-panel-header rounded-window-top -->
            <div class="main-panel-content rounded-window-bottom">
              <div class="method">
                <div class="method-content">
                  <a name="exceedinglimit">
                  </a> <!-- exceedinglimit -->
                  <span class="method-name">exceedinglimit</span>
                </div> <!-- method-content -->
              </div> <!-- method -->
              <div class="method">
                <div class="method-content">
                  <a name="missinginformation">
                  </a> <!-- missinginformation -->
                  <span class="method-name">missinginformation</span>
                </div> <!-- method-content -->
              </div> <!-- method -->
              <div class="method">
                <div class="method-content">
                  <a name="validdetails">
                  </a> <!-- validdetails -->
                  <span class="method-name">validdetails</span>
                </div> <!-- method-content -->
              </div> <!-- method -->
            </div> <!-- main-panel-content rounded-window-bottom -->
          </div> <!-- suite-Suite-class-passed -->
        </div> <!-- panel Suite -->
        <div panel-name="test-xml-Suite" class="panel">
          <div class="main-panel-header rounded-window-top">
            <span class="header-content">C:\Users\Bhoomika\eclipse-workspace\FinTechonlinebanking\src\test\java\tests\testng.xml</span>
          </div> <!-- main-panel-header rounded-window-top -->
          <div class="main-panel-content rounded-window-bottom">
            <pre>
&lt;?xml version=&quot;1.0&quot; encoding=&quot;UTF-8&quot;?&gt;
&lt;!DOCTYPE suite SYSTEM &quot;https://testng.org/testng-1.0.dtd&quot;&gt;
&lt;suite name=&quot;Suite&quot; guice-stage=&quot;DEVELOPMENT&quot;&gt;
  &lt;parameter name=&quot;browser&quot; value=&quot;chrome&quot;/&gt;
  &lt;listeners&gt;
    &lt;listener class-name=&quot;utilities.ExtentListener&quot;/&gt;
  &lt;/listeners&gt;
  &lt;test thread-count=&quot;5&quot; name=&quot;Test&quot;&gt;
    &lt;classes&gt;
      &lt;class name=&quot;tests.LoginTest&quot;/&gt;
      &lt;class name=&quot;tests.AccountOverviewTest&quot;/&gt;
      &lt;class name=&quot;tests.FundsTransferTest&quot;/&gt;
      &lt;class name=&quot;tests.ContactUsTest&quot;/&gt;
      &lt;class name=&quot;tests.LoanRequestTest&quot;/&gt;
      &lt;class name=&quot;tests.navigationandUItest&quot;/&gt;
    &lt;/classes&gt;
  &lt;/test&gt; &lt;!-- Test --&gt;
&lt;/suite&gt; &lt;!-- Suite --&gt;
            </pre>
          </div> <!-- main-panel-content rounded-window-bottom -->
        </div> <!-- panel -->
        <div panel-name="testlist-Suite" class="panel">
          <div class="main-panel-header rounded-window-top">
            <span class="header-content">Tests for Suite</span>
          </div> <!-- main-panel-header rounded-window-top -->
          <div class="main-panel-content rounded-window-bottom">
            <ul>
              <li>
                <span class="test-name">Test (6 classes)</span>
              </li>
            </ul>
          </div> <!-- main-panel-content rounded-window-bottom -->
        </div> <!-- panel -->
        <div panel-name="group-Suite" class="panel">
          <div class="main-panel-header rounded-window-top">
            <span class="header-content">Groups for Suite</span>
          </div> <!-- main-panel-header rounded-window-top -->
          <div class="main-panel-content rounded-window-bottom">
          </div> <!-- main-panel-content rounded-window-bottom -->
        </div> <!-- panel -->
        <div panel-name="times-Suite" class="panel">
          <div class="main-panel-header rounded-window-top">
            <span class="header-content">Times for Suite</span>
          </div> <!-- main-panel-header rounded-window-top -->
          <div class="main-panel-content rounded-window-bottom">
            <div class="times-div">
              <script type="text/javascript">
suiteTableInitFunctions.push('tableData_Suite');
function tableData_Suite() {
var data = new google.visualization.DataTable();
data.addColumn('number', 'Number');
data.addColumn('string', 'Method');
data.addColumn('string', 'Class');
data.addColumn('number', 'Time (ms)');
data.addRows(23);
data.setCell(0, 0, 0)
data.setCell(0, 1, 'CompletemsgAndBalance')
data.setCell(0, 2, 'tests.FundsTransferTest')
data.setCell(0, 3, 34108);
data.setCell(1, 0, 1)
data.setCell(1, 1, 'sameaccount')
data.setCell(1, 2, 'tests.FundsTransferTest')
data.setCell(1, 3, 33121);
data.setCell(2, 0, 2)
data.setCell(2, 1, 'decimalamount')
data.setCell(2, 2, 'tests.FundsTransferTest')
data.setCell(2, 3, 32602);
data.setCell(3, 0, 3)
data.setCell(3, 1, 'exceedinglimit')
data.setCell(3, 2, 'tests.LoanRequestTest')
data.setCell(3, 3, 23630);
data.setCell(4, 0, 4)
data.setCell(4, 1, 'validdetails')
data.setCell(4, 2, 'tests.LoanRequestTest')
data.setCell(4, 3, 22345);
data.setCell(5, 0, 5)
data.setCell(5, 1, 'Clickablityofbutton')
data.setCell(5, 2, 'tests.navigationandUItest')
data.setCell(5, 3, 22041);
data.setCell(6, 0, 6)
data.setCell(6, 1, 'clickaccountoverview')
data.setCell(6, 2, 'tests.AccountOverviewTest')
data.setCell(6, 3, 21158);
data.setCell(7, 0, 7)
data.setCell(7, 1, 'validcredit')
data.setCell(7, 2, 'tests.LoginTest')
data.setCell(7, 3, 20467);
data.setCell(8, 0, 8)
data.setCell(8, 1, 'validinternalaccount')
data.setCell(8, 2, 'tests.FundsTransferTest')
data.setCell(8, 3, 7727);
data.setCell(9, 0, 9)
data.setCell(9, 1, 'emptyfield')
data.setCell(9, 2, 'tests.FundsTransferTest')
data.setCell(9, 3, 6897);
data.setCell(10, 0, 10)
data.setCell(10, 1, 'missinginformation')
data.setCell(10, 2, 'tests.LoanRequestTest')
data.setCell(10, 3, 6888);
data.setCell(11, 0, 11)
data.setCell(11, 1, 'Checkingaccount')
data.setCell(11, 2, 'tests.AccountOverviewTest')
data.setCell(11, 3, 6030);
data.setCell(12, 0, 12)
data.setCell(12, 1, 'successmessage')
data.setCell(12, 2, 'tests.ContactUsTest')
data.setCell(12, 3, 5971);
data.setCell(13, 0, 13)
data.setCell(13, 1, 'validinformation')
data.setCell(13, 2, 'tests.ContactUsTest')
data.setCell(13, 3, 5803);
data.setCell(14, 0, 14)
data.setCell(14, 1, 'emptyfield')
data.setCell(14, 2, 'tests.ContactUsTest')
data.setCell(14, 3, 4881);
data.setCell(15, 0, 15)
data.setCell(15, 1, 'Openpages')
data.setCell(15, 2, 'tests.navigationandUItest')
data.setCell(15, 3, 4470);
data.setCell(16, 0, 16)
data.setCell(16, 1, 'opensupportform')
data.setCell(16, 2, 'tests.ContactUsTest')
data.setCell(16, 3, 2511);
data.setCell(17, 0, 17)
data.setCell(17, 1, 'maskinput')
data.setCell(17, 2, 'tests.LoginTest')
data.setCell(17, 3, 1897);
data.setCell(18, 0, 18)
data.setCell(18, 1, 'unregistereduser')
data.setCell(18, 2, 'tests.LoginTest')
data.setCell(18, 3, 1852);
data.setCell(19, 0, 19)
data.setCell(19, 1, 'invalidemailformat')
data.setCell(19, 2, 'tests.LoginTest')
data.setCell(19, 3, 1768);
data.setCell(20, 0, 20)
data.setCell(20, 1, 'incorrecrpassword')
data.setCell(20, 2, 'tests.LoginTest')
data.setCell(20, 3, 1370);
data.setCell(21, 0, 21)
data.setCell(21, 1, 'Openhomepage')
data.setCell(21, 2, 'tests.navigationandUItest')
data.setCell(21, 3, 1063);
data.setCell(22, 0, 22)
data.setCell(22, 1, 'emptyfield')
data.setCell(22, 2, 'tests.LoginTest')
data.setCell(22, 3, 1052);
window.suiteTableData['Suite']= { tableData: data, tableDiv: 'times-div-Suite'}
return data;
}
              </script>
              <span class="suite-total-time">Total running time: 4 minutes</span>
              <div id="times-div-Suite">
              </div> <!-- times-div-Suite -->
            </div> <!-- times-div -->
          </div> <!-- main-panel-content rounded-window-bottom -->
        </div> <!-- panel -->
        <div panel-name="reporter-Suite" class="panel">
          <div class="main-panel-header rounded-window-top">
            <span class="header-content">Reporter output for Suite</span>
          </div> <!-- main-panel-header rounded-window-top -->
          <div class="main-panel-content rounded-window-bottom">
          </div> <!-- main-panel-content rounded-window-bottom -->
        </div> <!-- panel -->
        <div panel-name="ignored-methods-Suite" class="panel">
          <div class="main-panel-header rounded-window-top">
            <span class="header-content">10 ignored methods</span>
          </div> <!-- main-panel-header rounded-window-top -->
          <div class="main-panel-content rounded-window-bottom">
            <div class="ignored-class-div">
              <span class="ignored-class-name">tests.ContactUsTest</span>
              <div class="ignored-methods-div">
                <span class="ignored-method-name">initiateExtentReport</span>
                <br/>
                <span class="ignored-method-name">closeReport</span>
                <br/>
              </div> <!-- ignored-methods-div -->
            </div> <!-- ignored-class-div -->
            <div class="ignored-class-div">
              <span class="ignored-class-name">tests.FundsTransferTest</span>
              <div class="ignored-methods-div">
                <span class="ignored-method-name">closeReport</span>
                <br/>
                <span class="ignored-method-name">initiateExtentReport</span>
                <br/>
              </div> <!-- ignored-methods-div -->
            </div> <!-- ignored-class-div -->
            <div class="ignored-class-div">
              <span class="ignored-class-name">tests.navigationandUItest</span>
              <div class="ignored-methods-div">
                <span class="ignored-method-name">initiateExtentReport</span>
                <br/>
                <span class="ignored-method-name">closeReport</span>
                <br/>
              </div> <!-- ignored-methods-div -->
            </div> <!-- ignored-class-div -->
            <div class="ignored-class-div">
              <span class="ignored-class-name">tests.AccountOverviewTest</span>
              <div class="ignored-methods-div">
                <span class="ignored-method-name">initiateExtentReport</span>
                <br/>
                <span class="ignored-method-name">closeReport</span>
                <br/>
              </div> <!-- ignored-methods-div -->
            </div> <!-- ignored-class-div -->
            <div class="ignored-class-div">
              <span class="ignored-class-name">tests.LoanRequestTest</span>
              <div class="ignored-methods-div">
                <span class="ignored-method-name">closeReport</span>
                <br/>
                <span class="ignored-method-name">initiateExtentReport</span>
                <br/>
              </div> <!-- ignored-methods-div -->
            </div> <!-- ignored-class-div -->
          </div> <!-- main-panel-content rounded-window-bottom -->
        </div> <!-- panel -->
        <div panel-name="chronological-Suite" class="panel">
          <div class="main-panel-header rounded-window-top">
            <span class="header-content">Methods in chronological order</span>
          </div> <!-- main-panel-header rounded-window-top -->
          <div class="main-panel-content rounded-window-bottom">
            <div class="chronological-class">
              <div class="chronological-class-name">tests.LoginTest</div> <!-- chronological-class-name -->
              <div class="configuration-suite before">
                <span class="method-name">initiateExtentReport</span>
                <span class="method-start">0 ms</span>
              </div> <!-- configuration-suite before -->
              <div class="configuration-method before">
                <span class="method-name">Setupopenbrowser(chrome, public void tests.LoginTest.validcredit() throws java.lang.InterruptedException)</span>
                <span class="method-start">54 ms</span>
              </div> <!-- configuration-method before -->
              <div class="test-method">
                <span class="method-name">validcredit</span>
                <span class="method-start">5603 ms</span>
              </div> <!-- test-method -->
              <div class="configuration-method after">
                <span class="method-name">browserclose(public void tests.LoginTest.validcredit() throws java.lang.InterruptedException)</span>
                <span class="method-start">26083 ms</span>
              </div> <!-- configuration-method after -->
              <div class="configuration-method before">
                <span class="method-name">Setupopenbrowser(chrome, public void tests.LoginTest.incorrecrpassword())</span>
                <span class="method-start">26444 ms</span>
              </div> <!-- configuration-method before -->
              <div class="test-method">
                <span class="method-name">incorrecrpassword</span>
                <span class="method-start">29535 ms</span>
              </div> <!-- test-method -->
              <div class="configuration-method after">
                <span class="method-name">browserclose(public void tests.LoginTest.incorrecrpassword())</span>
                <span class="method-start">30910 ms</span>
              </div> <!-- configuration-method after -->
              <div class="configuration-method before">
                <span class="method-name">Setupopenbrowser(chrome, public void tests.LoginTest.unregistereduser())</span>
                <span class="method-start">31201 ms</span>
              </div> <!-- configuration-method before -->
              <div class="test-method">
                <span class="method-name">unregistereduser</span>
                <span class="method-start">34368 ms</span>
              </div> <!-- test-method -->
              <div class="configuration-method after">
                <span class="method-name">browserclose(public void tests.LoginTest.unregistereduser())</span>
                <span class="method-start">36223 ms</span>
              </div> <!-- configuration-method after -->
              <div class="configuration-method before">
                <span class="method-name">Setupopenbrowser(chrome, public void tests.LoginTest.emptyfield())</span>
                <span class="method-start">36539 ms</span>
              </div> <!-- configuration-method before -->
              <div class="test-method">
                <span class="method-name">emptyfield</span>
                <span class="method-start">39657 ms</span>
              </div> <!-- test-method -->
              <div class="configuration-method after">
                <span class="method-name">browserclose(public void tests.LoginTest.emptyfield())</span>
                <span class="method-start">40712 ms</span>
              </div> <!-- configuration-method after -->
              <div class="configuration-method before">
                <span class="method-name">Setupopenbrowser(chrome, public void tests.LoginTest.invalidemailformat())</span>
                <span class="method-start">41003 ms</span>
              </div> <!-- configuration-method before -->
              <div class="test-method">
                <span class="method-name">invalidemailformat</span>
                <span class="method-start">44126 ms</span>
              </div> <!-- test-method -->
              <div class="configuration-method after">
                <span class="method-name">browserclose(public void tests.LoginTest.invalidemailformat())</span>
                <span class="method-start">45897 ms</span>
              </div> <!-- configuration-method after -->
              <div class="configuration-method before">
                <span class="method-name">Setupopenbrowser(chrome, public void tests.LoginTest.maskinput())</span>
                <span class="method-start">46220 ms</span>
              </div> <!-- configuration-method before -->
              <div class="test-method">
                <span class="method-name">maskinput</span>
                <span class="method-start">49344 ms</span>
              </div> <!-- test-method -->
              <div class="configuration-method after">
                <span class="method-name">browserclose(public void tests.LoginTest.maskinput())</span>
                <span class="method-start">51244 ms</span>
              </div> <!-- configuration-method after -->
            </div> <!-- chronological-class -->
            <div class="chronological-class">
              <div class="chronological-class-name">tests.AccountOverviewTest</div> <!-- chronological-class-name -->
              <div class="configuration-method before">
                <span class="method-name">Setupopenbrowser(chrome, public void tests.AccountOverviewTest.clickaccountoverview() throws java.lang.InterruptedExc...)</span>
                <span class="method-start">51564 ms</span>
              </div> <!-- configuration-method before -->
              <div class="test-method">
                <span class="method-name">clickaccountoverview</span>
                <span class="method-start">54536 ms</span>
              </div> <!-- test-method -->
              <div class="configuration-method after">
                <span class="method-name">browserclose(public void tests.AccountOverviewTest.clickaccountoverview() throws java.lang.InterruptedException)</span>
                <span class="method-start">75698 ms</span>
              </div> <!-- configuration-method after -->
              <div class="configuration-method before">
                <span class="method-name">Setupopenbrowser(chrome, public void tests.AccountOverviewTest.Checkingaccount() throws java.lang.InterruptedExceptio...)</span>
                <span class="method-start">75997 ms</span>
              </div> <!-- configuration-method before -->
              <div class="test-method">
                <span class="method-name">Checkingaccount</span>
                <span class="method-start">79193 ms</span>
              </div> <!-- test-method -->
              <div class="configuration-method after">
                <span class="method-name">browserclose(public void tests.AccountOverviewTest.Checkingaccount() throws java.lang.InterruptedException)</span>
                <span class="method-start">85226 ms</span>
              </div> <!-- configuration-method after -->
            </div> <!-- chronological-class -->
            <div class="chronological-class">
              <div class="chronological-class-name">tests.FundsTransferTest</div> <!-- chronological-class-name -->
              <div class="configuration-method before">
                <span class="method-name">Setupopenbrowser(chrome, public void tests.FundsTransferTest.validinternalaccount() throws java.lang.InterruptedExcep...)</span>
                <span class="method-start">85669 ms</span>
              </div> <!-- configuration-method before -->
              <div class="test-method">
                <span class="method-name">validinternalaccount</span>
                <span class="method-start">88923 ms</span>
              </div> <!-- test-method -->
              <div class="configuration-method after">
                <span class="method-name">browserclose(public void tests.FundsTransferTest.validinternalaccount() throws java.lang.InterruptedException)</span>
                <span class="method-start">96653 ms</span>
              </div> <!-- configuration-method after -->
              <div class="configuration-method before">
                <span class="method-name">Setupopenbrowser(chrome, public void tests.FundsTransferTest.emptyfield() throws java.lang.InterruptedException)</span>
                <span class="method-start">97004 ms</span>
              </div> <!-- configuration-method before -->
              <div class="test-method">
                <span class="method-name">emptyfield</span>
                <span class="method-start">100523 ms</span>
              </div> <!-- test-method -->
              <div class="configuration-method after">
                <span class="method-name">browserclose(public void tests.FundsTransferTest.emptyfield() throws java.lang.InterruptedException)</span>
                <span class="method-start">107424 ms</span>
              </div> <!-- configuration-method after -->
              <div class="configuration-method before">
                <span class="method-name">Setupopenbrowser(chrome, public void tests.FundsTransferTest.sameaccount() throws java.lang.InterruptedException)</span>
                <span class="method-start">107798 ms</span>
              </div> <!-- configuration-method before -->
              <div class="test-method">
                <img src="failed.png">
                </img>
                <span class="method-name">sameaccount</span>
                <span class="method-start">111128 ms</span>
              </div> <!-- test-method -->
              <div class="configuration-method after">
                <span class="method-name">browserclose(public void tests.FundsTransferTest.sameaccount() throws java.lang.InterruptedException)</span>
                <span class="method-start">144269 ms</span>
              </div> <!-- configuration-method after -->
              <div class="configuration-method before">
                <span class="method-name">Setupopenbrowser(chrome, public void tests.FundsTransferTest.decimalamount() throws java.lang.InterruptedException)</span>
                <span class="method-start">144657 ms</span>
              </div> <!-- configuration-method before -->
              <div class="test-method">
                <img src="failed.png">
                </img>
                <span class="method-name">decimalamount</span>
                <span class="method-start">147672 ms</span>
              </div> <!-- test-method -->
              <div class="configuration-method after">
                <span class="method-name">browserclose(public void tests.FundsTransferTest.decimalamount() throws java.lang.InterruptedException)</span>
                <span class="method-start">180281 ms</span>
              </div> <!-- configuration-method after -->
              <div class="configuration-method before">
                <span class="method-name">Setupopenbrowser(chrome, public void tests.FundsTransferTest.CompletemsgAndBalance() throws java.lang.InterruptedExce...)</span>
                <span class="method-start">180699 ms</span>
              </div> <!-- configuration-method before -->
              <div class="test-method">
                <img src="failed.png">
                </img>
                <span class="method-name">CompletemsgAndBalance</span>
                <span class="method-start">182260 ms</span>
              </div> <!-- test-method -->
              <div class="configuration-method after">
                <span class="method-name">browserclose(public void tests.FundsTransferTest.CompletemsgAndBalance() throws java.lang.InterruptedException)</span>
                <span class="method-start">216374 ms</span>
              </div> <!-- configuration-method after -->
            </div> <!-- chronological-class -->
            <div class="chronological-class">
              <div class="chronological-class-name">tests.ContactUsTest</div> <!-- chronological-class-name -->
              <div class="configuration-method before">
                <span class="method-name">Setupopenbrowser(chrome, public void tests.ContactUsTest.opensupportform())</span>
                <span class="method-start">216761 ms</span>
              </div> <!-- configuration-method before -->
              <div class="test-method">
                <span class="method-name">opensupportform</span>
                <span class="method-start">220271 ms</span>
              </div> <!-- test-method -->
              <div class="configuration-method after">
                <span class="method-name">browserclose(public void tests.ContactUsTest.opensupportform())</span>
                <span class="method-start">222786 ms</span>
              </div> <!-- configuration-method after -->
              <div class="configuration-method before">
                <span class="method-name">Setupopenbrowser(chrome, public void tests.ContactUsTest.validinformation() throws java.lang.InterruptedException)</span>
                <span class="method-start">223054 ms</span>
              </div> <!-- configuration-method before -->
              <div class="test-method">
                <span class="method-name">validinformation</span>
                <span class="method-start">225897 ms</span>
              </div> <!-- test-method -->
              <div class="configuration-method after">
                <span class="method-name">browserclose(public void tests.ContactUsTest.validinformation() throws java.lang.InterruptedException)</span>
                <span class="method-start">231702 ms</span>
              </div> <!-- configuration-method after -->
              <div class="configuration-method before">
                <span class="method-name">Setupopenbrowser(chrome, public void tests.ContactUsTest.emptyfield() throws java.lang.InterruptedException)</span>
                <span class="method-start">231990 ms</span>
              </div> <!-- configuration-method before -->
              <div class="test-method">
                <span class="method-name">emptyfield</span>
                <span class="method-start">235570 ms</span>
              </div> <!-- test-method -->
              <div class="configuration-method after">
                <span class="method-name">browserclose(public void tests.ContactUsTest.emptyfield() throws java.lang.InterruptedException)</span>
                <span class="method-start">240453 ms</span>
              </div> <!-- configuration-method after -->
              <div class="configuration-method before">
                <span class="method-name">Setupopenbrowser(chrome, public void tests.ContactUsTest.successmessage() throws java.lang.InterruptedException)</span>
                <span class="method-start">240775 ms</span>
              </div> <!-- configuration-method before -->
              <div class="test-method">
                <span class="method-name">successmessage</span>
                <span class="method-start">244159 ms</span>
              </div> <!-- test-method -->
              <div class="configuration-method after">
                <span class="method-name">browserclose(public void tests.ContactUsTest.successmessage() throws java.lang.InterruptedException)</span>
                <span class="method-start">250133 ms</span>
              </div> <!-- configuration-method after -->
            </div> <!-- chronological-class -->
            <div class="chronological-class">
              <div class="chronological-class-name">tests.LoanRequestTest</div> <!-- chronological-class-name -->
              <div class="configuration-method before">
                <span class="method-name">Setupopenbrowser(chrome, public void tests.LoanRequestTest.validdetails() throws java.lang.InterruptedException)</span>
                <span class="method-start">250476 ms</span>
              </div> <!-- configuration-method before -->
              <div class="test-method">
                <span class="method-name">validdetails</span>
                <span class="method-start">254129 ms</span>
              </div> <!-- test-method -->
              <div class="configuration-method after">
                <span class="method-name">browserclose(public void tests.LoanRequestTest.validdetails() throws java.lang.InterruptedException)</span>
                <span class="method-start">276478 ms</span>
              </div> <!-- configuration-method after -->
              <div class="configuration-method before">
                <span class="method-name">Setupopenbrowser(chrome, public void tests.LoanRequestTest.missinginformation() throws java.lang.InterruptedException)</span>
                <span class="method-start">276871 ms</span>
              </div> <!-- configuration-method before -->
              <div class="test-method">
                <span class="method-name">missinginformation</span>
                <span class="method-start">280306 ms</span>
              </div> <!-- test-method -->
              <div class="configuration-method after">
                <span class="method-name">browserclose(public void tests.LoanRequestTest.missinginformation() throws java.lang.InterruptedException)</span>
                <span class="method-start">287196 ms</span>
              </div> <!-- configuration-method after -->
              <div class="configuration-method before">
                <span class="method-name">Setupopenbrowser(chrome, public void tests.LoanRequestTest.exceedinglimit() throws java.lang.InterruptedException)</span>
                <span class="method-start">287491 ms</span>
              </div> <!-- configuration-method before -->
              <div class="test-method">
                <span class="method-name">exceedinglimit</span>
                <span class="method-start">290473 ms</span>
              </div> <!-- test-method -->
              <div class="configuration-method after">
                <span class="method-name">browserclose(public void tests.LoanRequestTest.exceedinglimit() throws java.lang.InterruptedException)</span>
                <span class="method-start">314106 ms</span>
              </div> <!-- configuration-method after -->
            </div> <!-- chronological-class -->
            <div class="chronological-class">
              <div class="chronological-class-name">tests.navigationandUItest</div> <!-- chronological-class-name -->
              <div class="configuration-method before">
                <span class="method-name">Setupopenbrowser(chrome, public void tests.navigationandUItest.Openpages())</span>
                <span class="method-start">314459 ms</span>
              </div> <!-- configuration-method before -->
              <div class="test-method">
                <span class="method-name">Openpages</span>
                <span class="method-start">318135 ms</span>
              </div> <!-- test-method -->
              <div class="configuration-method after">
                <span class="method-name">browserclose(public void tests.navigationandUItest.Openpages())</span>
                <span class="method-start">322608 ms</span>
              </div> <!-- configuration-method after -->
              <div class="configuration-method before">
                <span class="method-name">Setupopenbrowser(chrome, public void tests.navigationandUItest.Openhomepage())</span>
                <span class="method-start">322890 ms</span>
              </div> <!-- configuration-method before -->
              <div class="test-method">
                <span class="method-name">Openhomepage</span>
                <span class="method-start">325925 ms</span>
              </div> <!-- test-method -->
              <div class="configuration-method after">
                <span class="method-name">browserclose(public void tests.navigationandUItest.Openhomepage())</span>
                <span class="method-start">326990 ms</span>
              </div> <!-- configuration-method after -->
              <div class="configuration-method before">
                <span class="method-name">Setupopenbrowser(chrome, public void tests.navigationandUItest.Clickablityofbutton() throws java.lang.InterruptedExce...)</span>
                <span class="method-start">327258 ms</span>
              </div> <!-- configuration-method before -->
              <div class="test-method">
                <img src="failed.png">
                </img>
                <span class="method-name">Clickablityofbutton</span>
                <span class="method-start">330291 ms</span>
              </div> <!-- test-method -->
              <div class="configuration-method after">
                <span class="method-name">browserclose(public void tests.navigationandUItest.Clickablityofbutton() throws java.lang.InterruptedException)</span>
                <span class="method-start">352337 ms</span>
              </div> <!-- configuration-method after -->
            </div> <!-- chronological-class -->
            <div class="chronological-class">
              <div class="chronological-class-name">tests.LoginTest</div> <!-- chronological-class-name -->
              <div class="configuration-suite after">
                <span class="method-name">closeReport</span>
                <span class="method-start">352757 ms</span>
              </div> <!-- configuration-suite after -->
          </div> <!-- main-panel-content rounded-window-bottom -->
        </div> <!-- panel -->
      </div> <!-- main-panel-root -->
    </div> <!-- wrapper -->
  </body>
<script type="text/javascript" src="testng-reports2.js"></script>
</html>
