<?xml version="1.0" encoding="UTF-8"?>
<!-- Generated by org.testng.reporters.JUnitXMLReporter -->
<testsuite ignored="0" hostname="Bhoomzz" failures="0" tests="3" name="Default test" time="64.728" errors="0" timestamp="2025-12-20T12:57:16 IST">
  <testcase classname="tests.LoanRequestTest" name="validdetails" time="21.944"/>
  <testcase classname="tests.LoanRequestTest" name="missinginformation" time="6.721"/>
  <testcase classname="tests.LoanRequestTest" name="exceedinglimit" time="24.206"/>
</testsuite> <!-- Default test -->
