<?xml version="1.0" encoding="UTF-8"?>
<!-- Generated by org.testng.reporters.JUnitReportReporter -->
<testsuite hostname="Bhoomzz" failures="0" tests="4" name="tests.ContactUsTest" time="33.700" errors="0" timestamp="2025-12-24T20:34:19 IST" skipped="0">
  <testcase classname="tests.ContactUsTest" name="opensupportform" time="6.378"/>
  <testcase classname="tests.ContactUsTest" name="validinformation" time="8.967"/>
  <testcase classname="tests.ContactUsTest" name="emptyfield" time="8.658"/>
  <testcase classname="tests.ContactUsTest" name="successmessage" time="9.697"/>
</testsuite> <!-- tests.ContactUsTest -->
