<?xml version="1.0" encoding="UTF-8"?>
<!-- Generated by org.testng.reporters.JUnitReportReporter -->
<testsuite hostname="Bhoomzz" failures="0" tests="3" name="tests.LoanRequestTest" time="63.971" errors="0" timestamp="2025-12-24T20:34:19 IST" skipped="0">
  <testcase classname="tests.LoanRequestTest" name="validdetails" time="26.074"/>
  <testcase classname="tests.LoanRequestTest" name="missinginformation" time="10.222"/>
  <testcase classname="tests.LoanRequestTest" name="exceedinglimit" time="27.675"/>
</testsuite> <!-- tests.LoanRequestTest -->
