<?xml version="1.0" encoding="UTF-8"?>
<!-- Generated by org.testng.reporters.JUnitReportReporter -->
<testsuite hostname="Bhoomzz" failures="0" tests="6" name="tests.LoginTest" time="51.467" errors="0" timestamp="2025-12-24T20:34:19 IST" skipped="0">
  <testcase classname="tests.LoginTest" name="validcredit" time="23.949"/>
  <testcase classname="tests.LoginTest" name="incorrecrpassword" time="4.783"/>
  <testcase classname="tests.LoginTest" name="unregistereduser" time="7.690"/>
  <testcase classname="tests.LoginTest" name="emptyfield" time="4.527"/>
  <testcase classname="tests.LoginTest" name="invalidemailformat" time="5.179"/>
  <testcase classname="tests.LoginTest" name="maskinput" time="5.339"/>
</testsuite> <!-- tests.LoginTest -->
